2020-01-06 20:04:29 - [ DEBUG ]  popsugar.selenium.testCase.Test.main(Test.java:13) main popsugar.selenium.testCase.Test - This is debug message. 
2020-01-06 20:04:29 - [  INFO ]  popsugar.selenium.testCase.Test.main(Test.java:15) main popsugar.selenium.testCase.Test - This is info message. 
2020-01-06 20:04:29 - [ ERROR ]  popsugar.selenium.testCase.Test.main(Test.java:17) main popsugar.selenium.testCase.Test - This is error message. 
2020-01-06 20:05:27 - [ DEBUG ]  popsugar.selenium.testCase.testCookie.test(testCookie.java:27) main popsugar.selenium.testCase.testCookie - 初始化浏览器 
2020-01-06 20:05:27 - [ DEBUG ]  popsugar.selenium.testCase.testCookie.test(testCookie.java:28) main popsugar.selenium.testCase.testCookie - 打开浏览器 
2020-01-06 20:24:24 - [ DEBUG ]  popsugar.selenium.testCase.TestSignIn_tk25.getSignInHome(TestSignIn_tk25.java:39) main popsugar.selenium.testCase.TestSignIn_tk25 - 初始化浏览器 
2020-01-06 20:24:24 - [ DEBUG ]  popsugar.selenium.testCase.TestSignIn_tk25.getSignInHome(TestSignIn_tk25.java:40) main popsugar.selenium.testCase.TestSignIn_tk25 - 打开浏览器 
2020-01-06 20:43:38 - [ DEBUG ]  popsugar.selenium.testCase.testCookie.test(testCookie.java:27) main popsugar.selenium.testCase.testCookie - 初始化浏览器 
2020-01-06 20:43:38 - [ DEBUG ]  popsugar.selenium.testCase.testCookie.test(testCookie.java:28) main popsugar.selenium.testCase.testCookie - 打开浏览器 
2020-01-06 21:44:47 - [ DEBUG ]  popsugar.selenium.testCase.testCookie.test(testCookie.java:27) main popsugar.selenium.testCase.testCookie - 初始化浏览器 
2020-01-06 21:44:47 - [ DEBUG ]  popsugar.selenium.testCase.testCookie.test(testCookie.java:28) main popsugar.selenium.testCase.testCookie - 打开浏览器 
2020-01-06 21:48:41 - [ DEBUG ]  popsugar.selenium.testCase.testCookie.test(testCookie.java:27) main popsugar.selenium.testCase.testCookie - 初始化浏览器 
2020-01-06 21:48:41 - [ DEBUG ]  popsugar.selenium.testCase.testCookie.test(testCookie.java:28) main popsugar.selenium.testCase.testCookie - 打开浏览器 
2020-01-06 21:51:08 - [ DEBUG ]  popsugar.selenium.testCase.testCookie.test(testCookie.java:27) main popsugar.selenium.testCase.testCookie - 初始化浏览器 
2020-01-06 21:51:08 - [ DEBUG ]  popsugar.selenium.testCase.testCookie.test(testCookie.java:28) main popsugar.selenium.testCase.testCookie - 打开浏览器 
2020-01-06 21:53:12 - [ DEBUG ]  popsugar.selenium.testCase.testCookie.test(testCookie.java:27) main popsugar.selenium.testCase.testCookie - 初始化浏览器 
2020-01-06 21:53:12 - [ DEBUG ]  popsugar.selenium.testCase.testCookie.test(testCookie.java:28) main popsugar.selenium.testCase.testCookie - 打开浏览器 
2020-01-06 21:57:57 - [ DEBUG ]  popsugar.selenium.testCase.testCookie.test(testCookie.java:28) main popsugar.selenium.testCase.testCookie - 初始化浏览器 
2020-01-06 21:57:57 - [ DEBUG ]  popsugar.selenium.testCase.testCookie.test(testCookie.java:29) main popsugar.selenium.testCase.testCookie - 打开浏览器 
2020-01-06 22:01:24 - [ DEBUG ]  popsugar.selenium.testCase.testCookie.test(testCookie.java:28) main popsugar.selenium.testCase.testCookie - 初始化浏览器 
2020-01-06 22:01:24 - [ DEBUG ]  popsugar.selenium.testCase.testCookie.test(testCookie.java:29) main popsugar.selenium.testCase.testCookie - 打开浏览器 
2020-01-06 22:38:19 - [ DEBUG ]  popsugar.selenium.testCase.testCookie.test(testCookie.java:28) main popsugar.selenium.testCase.testCookie - 初始化浏览器 
2020-01-06 22:38:19 - [ DEBUG ]  popsugar.selenium.testCase.testCookie.test(testCookie.java:29) main popsugar.selenium.testCase.testCookie - 打开浏览器 
2020-01-06 22:48:40 - [ DEBUG ]  popsugar.selenium.testCase.testCookie.test(testCookie.java:28) main popsugar.selenium.testCase.testCookie - 初始化浏览器 
2020-01-06 22:48:40 - [ DEBUG ]  popsugar.selenium.testCase.testCookie.test(testCookie.java:29) main popsugar.selenium.testCase.testCookie - 打开浏览器 
2020-01-06 22:50:26 - [ DEBUG ]  popsugar.selenium.testCase.testCookie.test(testCookie.java:28) main popsugar.selenium.testCase.testCookie - 初始化浏览器 
2020-01-06 22:50:26 - [ DEBUG ]  popsugar.selenium.testCase.testCookie.test(testCookie.java:29) main popsugar.selenium.testCase.testCookie - 打开浏览器 
2020-01-06 22:53:35 - [ DEBUG ]  popsugar.selenium.testCase.testCookie.test(testCookie.java:28) main popsugar.selenium.testCase.testCookie - 初始化浏览器 
2020-01-06 22:53:35 - [ DEBUG ]  popsugar.selenium.testCase.testCookie.test(testCookie.java:29) main popsugar.selenium.testCase.testCookie - 打开浏览器 
2020-01-06 23:19:56 - [ DEBUG ]  popsugar.selenium.testCase.testCookie.test(testCookie.java:24) main popsugar.selenium.testCase.testCookie - 初始化浏览器 
2020-01-06 23:19:56 - [ DEBUG ]  popsugar.selenium.testCase.testCookie.test(testCookie.java:25) main popsugar.selenium.testCase.testCookie - 打开浏览器 
2020-01-06 23:22:01 - [ DEBUG ]  popsugar.selenium.testCase.testCookie.test(testCookie.java:24) main popsugar.selenium.testCase.testCookie - 初始化浏览器 
2020-01-06 23:22:01 - [ DEBUG ]  popsugar.selenium.testCase.testCookie.test(testCookie.java:25) main popsugar.selenium.testCase.testCookie - 打开浏览器 
